Flow report for lab5
Thu Aug 06 18:28:53 2020
Quartus II 64-Bit Version 13.0.1 Build 232 06/12/2013 Service Pack 1 SJ Web Edition


---------------------
; Table of Contents ;
---------------------
  1. Legal Notice
  2. Flow Summary
  3. Flow Settings
  4. Flow Non-Default Global Settings
  5. Flow Elapsed Time
  6. Flow OS Summary
  7. Flow Log
  8. Flow Messages
  9. Flow Suppressed Messages



----------------
; Legal Notice ;
----------------
Copyright (C) 1991-2013 Altera Corporation
Your use of Altera Corporation's design tools, logic functions 
and other software and tools, and its AMPP partner logic 
functions, and any output files from any of the foregoing 
(including device programming or simulation files), and any 
associated documentation or information are expressly subject 
to the terms and conditions of the Altera Program License 
Subscription Agreement, Altera MegaCore Function License 
Agreement, or other applicable license agreement, including, 
without limitation, that your use is for the sole purpose of 
programming logic devices manufactured by Altera and sold by 
Altera or its authorized distributors.  Please refer to the 
applicable agreement for further details.



+--------------------------------------------------------------------------------------+
; Flow Summary                                                                         ;
+------------------------------------+-------------------------------------------------+
; Flow Status                        ; Successful - Thu Aug 06 18:28:53 2020           ;
; Quartus II 64-Bit Version          ; 13.0.1 Build 232 06/12/2013 SP 1 SJ Web Edition ;
; Revision Name                      ; lab5                                            ;
; Top-level Entity Name              ; MealyFSMschem                                   ;
; Family                             ; Cyclone II                                      ;
; Device                             ; EP2C35F672C6                                    ;
; Timing Models                      ; Final                                           ;
; Total logic elements               ; 17 / 33,216 ( < 1 % )                           ;
;     Total combinational functions  ; 16 / 33,216 ( < 1 % )                           ;
;     Dedicated logic registers      ; 9 / 33,216 ( < 1 % )                            ;
; Total registers                    ; 9                                               ;
; Total pins                         ; 11 / 475 ( 2 % )                                ;
; Total virtual pins                 ; 0                                               ;
; Total memory bits                  ; 0 / 483,840 ( 0 % )                             ;
; Embedded Multiplier 9-bit elements ; 0 / 70 ( 0 % )                                  ;
; Total PLLs                         ; 0 / 4 ( 0 % )                                   ;
+------------------------------------+-------------------------------------------------+


+-----------------------------------------+
; Flow Settings                           ;
+-------------------+---------------------+
; Option            ; Setting             ;
+-------------------+---------------------+
; Start date & time ; 08/06/2020 18:25:20 ;
; Main task         ; Compilation         ;
; Revision Name     ; lab5                ;
+-------------------+---------------------+


+------------------------------------------------------------------------------------------------------------------------+
; Flow Non-Default Global Settings                                                                                       ;
+-------------------------------------+---------------------------------+---------------+---------------+----------------+
; Assignment Name                     ; Value                           ; Default Value ; Entity Name   ; Section Id     ;
+-------------------------------------+---------------------------------+---------------+---------------+----------------+
; COMPILER_SIGNATURE_ID               ; 268749057934257.159676352012820 ; --            ; --            ; --             ;
; EDA_GENERATE_FUNCTIONAL_NETLIST     ; On                              ; --            ; --            ; eda_simulation ;
; EDA_OUTPUT_DATA_FORMAT              ; Verilog Hdl                     ; --            ; --            ; eda_simulation ;
; EDA_SIMULATION_TOOL                 ; ModelSim-Altera (Verilog)       ; <None>        ; --            ; --             ;
; MAX_CORE_JUNCTION_TEMP              ; 85                              ; --            ; --            ; --             ;
; MIN_CORE_JUNCTION_TEMP              ; 0                               ; --            ; --            ; --             ;
; PARTITION_COLOR                     ; 16764057                        ; --            ; MealyFSMschem ; Top            ;
; PARTITION_FITTER_PRESERVATION_LEVEL ; PLACEMENT_AND_ROUTING           ; --            ; MealyFSMschem ; Top            ;
; PARTITION_NETLIST_TYPE              ; SOURCE                          ; --            ; MealyFSMschem ; Top            ;
; PROJECT_OUTPUT_DIRECTORY            ; output_files                    ; --            ; --            ; --             ;
; TOP_LEVEL_ENTITY                    ; MealyFSMschem                   ; lab5          ; --            ; --             ;
+-------------------------------------+---------------------------------+---------------+---------------+----------------+


+-------------------------------------------------------------------------------------------------------------------------------+
; Flow Elapsed Time                                                                                                             ;
+---------------------------+--------------+-------------------------+---------------------+------------------------------------+
; Module Name               ; Elapsed Time ; Average Processors Used ; Peak Virtual Memory ; Total CPU Time (on all processors) ;
+---------------------------+--------------+-------------------------+---------------------+------------------------------------+
; Analysis & Synthesis      ; 00:00:01     ; 1.0                     ; 4635 MB             ; 00:00:01                           ;
; Fitter                    ; 00:00:05     ; 1.0                     ; 4874 MB             ; 00:00:04                           ;
; Assembler                 ; 00:00:02     ; 1.0                     ; 4555 MB             ; 00:00:01                           ;
; TimeQuest Timing Analyzer ; 00:00:00     ; 1.0                     ; 4535 MB             ; 00:00:01                           ;
; EDA Netlist Writer        ; 00:00:01     ; 1.0                     ; 4507 MB             ; 00:00:00                           ;
; EDA Netlist Writer        ; 00:00:01     ; 1.0                     ; 4515 MB             ; 00:00:00                           ;
; EDA Netlist Writer        ; 00:00:00     ; 1.0                     ; 4515 MB             ; 00:00:00                           ;
; EDA Netlist Writer        ; 00:00:00     ; 1.0                     ; 4515 MB             ; 00:00:00                           ;
; EDA Netlist Writer        ; 00:00:01     ; 1.0                     ; 4515 MB             ; 00:00:00                           ;
; EDA Netlist Writer        ; 00:00:01     ; 1.0                     ; 4515 MB             ; 00:00:00                           ;
; EDA Netlist Writer        ; 00:00:00     ; 1.0                     ; 4515 MB             ; 00:00:00                           ;
; Total                     ; 00:00:12     ; --                      ; --                  ; 00:00:07                           ;
+---------------------------+--------------+-------------------------+---------------------+------------------------------------+


+----------------------------------------------------------------------------------------+
; Flow OS Summary                                                                        ;
+---------------------------+------------------+-----------+------------+----------------+
; Module Name               ; Machine Hostname ; OS Name   ; OS Version ; Processor type ;
+---------------------------+------------------+-----------+------------+----------------+
; Analysis & Synthesis      ; DESKTOP-B0T7I5O  ; Windows 7 ; 6.2        ; x86_64         ;
; Fitter                    ; DESKTOP-B0T7I5O  ; Windows 7 ; 6.2        ; x86_64         ;
; Assembler                 ; DESKTOP-B0T7I5O  ; Windows 7 ; 6.2        ; x86_64         ;
; TimeQuest Timing Analyzer ; DESKTOP-B0T7I5O  ; Windows 7 ; 6.2        ; x86_64         ;
; EDA Netlist Writer        ; DESKTOP-B0T7I5O  ; Windows 7 ; 6.2        ; x86_64         ;
; EDA Netlist Writer        ; DESKTOP-B0T7I5O  ; Windows 7 ; 6.2        ; x86_64         ;
; EDA Netlist Writer        ; DESKTOP-B0T7I5O  ; Windows 7 ; 6.2        ; x86_64         ;
; EDA Netlist Writer        ; DESKTOP-B0T7I5O  ; Windows 7 ; 6.2        ; x86_64         ;
; EDA Netlist Writer        ; DESKTOP-B0T7I5O  ; Windows 7 ; 6.2        ; x86_64         ;
; EDA Netlist Writer        ; DESKTOP-B0T7I5O  ; Windows 7 ; 6.2        ; x86_64         ;
; EDA Netlist Writer        ; DESKTOP-B0T7I5O  ; Windows 7 ; 6.2        ; x86_64         ;
+---------------------------+------------------+-----------+------------+----------------+


------------
; Flow Log ;
------------
quartus_map --read_settings_files=on --write_settings_files=off lab5 -c lab5
quartus_fit --read_settings_files=off --write_settings_files=off lab5 -c lab5
quartus_asm --read_settings_files=off --write_settings_files=off lab5 -c lab5
quartus_sta lab5 -c lab5
quartus_eda --read_settings_files=off --write_settings_files=off lab5 -c lab5
quartus_eda --gen_testbench --check_outputs=on --tool=modelsim_oem --format=verilog lab5 -c lab5 --vector_source=H:/Quartus/COE328/lab5_328/mealywave.vwf --testbench_file=./simulation/qsim/lab5.vt
quartus_eda --functional=on --simulation=on --tool=modelsim_oem --format=verilog lab5 -c lab5
quartus_eda --gen_testbench --check_outputs=on --tool=modelsim_oem --format=verilog lab5 -c lab5 --vector_source=H:/Quartus/COE328/lab5_328/mealywave.vwf --testbench_file=./simulation/qsim/lab5.vt
quartus_eda --functional=on --simulation=on --tool=modelsim_oem --format=verilog lab5 -c lab5
quartus_eda --gen_testbench --check_outputs=on --tool=modelsim_oem --format=verilog lab5 -c lab5 --vector_source=H:/Quartus/COE328/lab5_328/mealywave.vwf --testbench_file=./simulation/qsim/lab5.vt
quartus_eda --functional=on --simulation=on --tool=modelsim_oem --format=verilog lab5 -c lab5



